204 /evidentscientific/stage-evident/en/downloads/manuals/files/27mg-getting-started-guide-27mg-manuals-portuguese.html
204 /evidentscientific/stage-evident/en/downloads/manuals/files/27mg-getting-started-guide-27mg-manuals-russian.html
204 /evidentscientific/stage-evident/en/downloads/manuals/files/27mg-getting-started-guide-27mg-manuals-spanish.html
204 /evidentscientific/stage-evident/en/downloads/manuals/files/27mg-user-s-manual-27mg-manuals-chinese.html
204 /evidentscientific/stage-evident/en/downloads/manuals/files/27mg-user-s-manual-27mg-manuals-czech.html
204 /evidentscientific/stage-evident/en/downloads/manuals/files/27mg-user-s-manual-27mg-manuals-english.html
204 /evidentscientific/stage-evident/en/downloads/manuals/files/27mg-user-s-manual-27mg-manuals-french.html
204 /evidentscientific/stage-evident/en/downloads/manuals/files/27mg-user-s-manual-27mg-manuals-german.html
204 /evidentscientific/stage-evident/en/downloads/manuals/files/27mg-user-s-manual-27mg-manuals-italian.html
204 /evidentscientific/stage-evident/en/downloads/manuals/files/27mg-user-s-manual-27mg-manuals-japanese.html
204 /evidentscientific/stage-evident/en/downloads/manuals/files/27mg-user-s-manual-27mg-manuals-polish.html
204 /evidentscientific/stage-evident/en/downloads/manuals/files/27mg-user-s-manual-27mg-manuals-portuguese.html
204 /evidentscientific/stage-evident/en/downloads/manuals/files/27mg-user-s-manual-27mg-manuals-russian.html
204 /evidentscientific/stage-evident/en/downloads/manuals/files/27mg-user-s-manual-27mg-manuals-spanish.html
204 /evidentscientific/stage-evident/en/downloads/manuals/files/35rdc-user-s-manual-35rdc-manuals-english.html
204 /evidentscientific/stage-evident/en/downloads/manuals/files/38-link-wireless-adaptor-getting-started-guide-38-link-manuals-chinese.html
204 /evidentscientific/stage-evident/en/downloads/manuals/files/38-link-wireless-adaptor-getting-started-guide-38-link-manuals-english.html
204 /evidentscientific/stage-evident/en/downloads/manuals/files/38-link-wireless-adaptor-getting-started-guide-38-link-manuals-french.html
204 /evidentscientific/stage-evident/en/downloads/manuals/files/38-link-wireless-adaptor-getting-started-guide-38-link-manuals-german.html
204 /evidentscientific/stage-evident/en/downloads/manuals/files/38-link-wireless-adaptor-getting-started-guide-38-link-manuals-italian.html
204 /evidentscientific/stage-evident/en/downloads/manuals/files/38-link-wireless-adaptor-getting-started-guide-38-link-manuals-japanese.html
204 /evidentscientific/stage-evident/en/downloads/manuals/files/38-link-wireless-adaptor-getting-started-guide-38-link-manuals-portuguese.html
204 /evidentscientific/stage-evident/en/downloads/manuals/files/38-link-wireless-adaptor-getting-started-guide-38-link-manuals-russian.html
204 /evidentscientific/stage-evident/en/downloads/manuals/files/38-link-wireless-adaptor-getting-started-guide-38-link-manuals-spanish.html
204 /evidentscientific/stage-evident/en/downloads/manuals/files/38dl-plus-basic-operation-manual-38dl-plus-manuals-chinese.html
204 /evidentscientific/stage-evident/en/downloads/manuals/files/38dl-plus-basic-operation-manual-38dl-plus-manuals-czech.html
204 /evidentscientific/stage-evident/en/downloads/manuals/files/38dl-plus-basic-operation-manual-38dl-plus-manuals-english.html
204 /evidentscientific/stage-evident/en/downloads/manuals/files/38dl-plus-basic-operation-manual-38dl-plus-manuals-french.html
204 /evidentscientific/stage-evident/en/downloads/manuals/files/38dl-plus-basic-operation-manual-38dl-plus-manuals-german.html
204 /evidentscientific/stage-evident/en/downloads/manuals/files/38dl-plus-basic-operation-manual-38dl-plus-manuals-italian.html
204 /evidentscientific/stage-evident/en/downloads/manuals/files/38dl-plus-basic-operation-manual-38dl-plus-manuals-japanese.html
204 /evidentscientific/stage-evident/en/downloads/manuals/files/38dl-plus-basic-operation-manual-38dl-plus-manuals-polish.html
204 /evidentscientific/stage-evident/en/downloads/manuals/files/38dl-plus-basic-operation-manual-38dl-plus-manuals-portuguese.html
204 /evidentscientific/stage-evident/en/downloads/manuals/files/38dl-plus-basic-operation-manual-38dl-plus-manuals-russian.html
204 /evidentscientific/stage-evident/en/downloads/manuals/files/38dl-plus-basic-operation-manual-38dl-plus-manuals-spanish.html
204 /evidentscientific/stage-evident/en/downloads/manuals/files/38dl-plus-user-s-manual-38dl-plus-manuals-chinese.html
204 /evidentscientific/stage-evident/en/downloads/manuals/files/38dl-plus-user-s-manual-38dl-plus-manuals-english.html
204 /evidentscientific/stage-evident/en/downloads/manuals/files/38dl-plus-user-s-manual-38dl-plus-manuals-french.html
204 /evidentscientific/stage-evident/en/downloads/manuals/files/38dl-plus-user-s-manual-38dl-plus-manuals-german.html
204 /evidentscientific/stage-evident/en/downloads/manuals/files/38dl-plus-user-s-manual-38dl-plus-manuals-italian.html
204 /evidentscientific/stage-evident/en/downloads/manuals/files/38dl-plus-user-s-manual-38dl-plus-manuals-japanese.html
204 /evidentscientific/stage-evident/en/downloads/manuals/files/38dl-plus-user-s-manual-38dl-plus-manuals-polish.html
204 /evidentscientific/stage-evident/en/downloads/manuals/files/38dl-plus-user-s-manual-38dl-plus-manuals-portuguese.html
